2025-04-09 14:32:24.617261: Random commit #1
2025-04-09 14:34:31.725595: Random commit #2
Add error handling - 2025-04-12 09:28:57
Fix bug in main workflow - 2025-04-12 09:55:57
Late night security patches - 2025-04-12 09:48:45
Late night code optimization - 2025-04-12 10:09:45
Update configuration for production - 2025-04-12 11:12:45
Late night code optimization - 2025-04-12 11:06:45
Update configuration for production - 2025-04-12 12:48:45
3 AM code cleanup - 2025-04-12 13:13:45
Late night security patches - 2025-04-12 22:51:25
Quiet hours: major refactoring - 2025-04-12 23:33:25
Peaceful night coding - 2025-04-12 23:25:25
Night owl session: code improvements - 2025-04-12 23:48:25
Quiet hours: major refactoring - 2025-04-13 00:50:47
Night owl session: code improvements - 2025-04-13 01:31:47
Fix critical bug before release - 2025-04-13 01:44:47
Optimize database performance - 2025-04-13 02:29:47
Clean up codebase at midnight - 2025-04-13 22:51:26
Fix that annoying bug that kept me up - 2025-04-13 23:25:26
Add unit tests for night build - 2025-04-14 00:03:26
Fix that annoying bug that kept me up - 2025-04-13 23:45:26
Peaceful night coding - 2025-04-14 01:50:14
Late night inspiration struck - 2025-04-14 02:06:14
Quiet hours: major refactoring - 2025-04-14 02:50:01
Add error handling for edge cases - 2025-04-14 03:21:01
Update project documentation - 2025-04-14 04:10:01
Late night security patches - 2025-04-14 20:44:41
Quiet hours: major refactoring - 2025-04-14 21:29:41
Update configuration for production - 2025-04-14 21:26:41
Late night debugging session - 2025-04-14 21:29:41
Quiet hours: major refactoring - 2025-04-14 23:04:41
Enhance UI for dark mode - 2025-04-14 21:41:24
Add error handling for edge cases - 2025-04-14 21:58:24
Late night security patches - 2025-04-14 22:49:24
Enhance UI for dark mode - 2025-04-14 23:35:24
Late night inspiration struck - 2025-04-14 22:48:20
Late night inspiration struck - 2025-04-14 23:26:20
Enhance UI for dark mode - 2025-04-14 23:42:20
Quiet hours: major refactoring - 2025-04-14 23:32:02
Late night security patches - 2025-04-14 23:58:02
Update project documentation - 2025-04-15 00:56:02
Late night code optimization - 2025-04-15 00:41:55
Implement new feature while everyone's asleep - 2025-04-15 01:17:55
Implement new feature while everyone's asleep - 2025-04-15 01:47:55
